This is pdfTeX, Version 3.141592653-2.6-1.40.28 (TeX Live 2025) (preloaded format=pdflatex 2025.8.2)  2 AUG 2025 20:16
entering extended mode
 restricted \write18 enabled.
 %&-line parsing enabled.
**sphericalCoordinates_.tex
(./sphericalCoordinates_.tex
LaTeX2e <2025-06-01> patch level 1
L3 programming layer <2025-07-20>

(c:/Users/fra/data/root/programs/TeX/texlive/2025/texmf-dist/tex/latex/base/art
icle.cls
Document Class: article 2025/01/22 v1.4n Standard LaTeX document class

(c:/Users/fra/data/root/programs/TeX/texlive/2025/texmf-dist/tex/latex/base/siz
e10.clo
File: size10.clo 2025/01/22 v1.4n Standard LaTeX file (size option)
)
\c@part=\count275
\c@section=\count276
\c@subsection=\count277
\c@subsubsection=\count278
\c@paragraph=\count279
\c@subparagraph=\count280
\c@figure=\count281
\c@table=\count282
\abovecaptionskip=\skip49
\belowcaptionskip=\skip50
\bibindent=\dimen148
)
(c:/Users/fra/data/root/programs/TeX/texlive/2025/texmf-dist/tex/latex/amsmath/
amsmath.sty
Package: amsmath 2025/06/16 v2.17y AMS math features
\@mathmargin=\skip51

For additional information on amsmath, use the `?' option.

(c:/Users/fra/data/root/programs/TeX/texlive/2025/texmf-dist/tex/latex/amsmath/
amstext.sty
Package: amstext 2024/11/17 v2.01 AMS text

(c:/Users/fra/data/root/programs/TeX/texlive/2025/texmf-dist/tex/latex/amsmath/
amsgen.sty
File: amsgen.sty 1999/11/30 v2.0 generic functions
\@emptytoks=\toks17
\ex@=\dimen149
))
(c:/Users/fra/data/root/programs/TeX/texlive/2025/texmf-dist/tex/latex/amsmath/
amsbsy.sty
Package: amsbsy 1999/11/29 v1.2d Bold Symbols
\pmbraise@=\dimen150
)
(c:/Users/fra/data/root/programs/TeX/texlive/2025/texmf-dist/tex/latex/amsmath/
amsopn.sty
Package: amsopn 2022/04/08 v2.04 operator names
)
\inf@bad=\count283
LaTeX Info: Redefining \frac on input line 233.
\uproot@=\count284
\leftroot@=\count285
LaTeX Info: Redefining \overline on input line 398.
LaTeX Info: Redefining \colon on input line 409.
\classnum@=\count286
\DOTSCASE@=\count287
LaTeX Info: Redefining \ldots on input line 495.
LaTeX Info: Redefining \dots on input line 498.
LaTeX Info: Redefining \cdots on input line 619.
\Mathstrutbox@=\box53
\strutbox@=\box54
LaTeX Info: Redefining \big on input line 721.
LaTeX Info: Redefining \Big on input line 722.
LaTeX Info: Redefining \bigg on input line 723.
LaTeX Info: Redefining \Bigg on input line 724.
\big@size=\dimen151
LaTeX Font Info:    Redeclaring font encoding OML on input line 742.
LaTeX Font Info:    Redeclaring font encoding OMS on input line 743.
\macc@depth=\count288
LaTeX Info: Redefining \bmod on input line 904.
LaTeX Info: Redefining \pmod on input line 909.
LaTeX Info: Redefining \smash on input line 939.
LaTeX Info: Redefining \relbar on input line 969.
LaTeX Info: Redefining \Relbar on input line 970.
\c@MaxMatrixCols=\count289
\dotsspace@=\muskip17
\c@parentequation=\count290
\dspbrk@lvl=\count291
\tag@help=\toks18
\row@=\count292
\column@=\count293
\maxfields@=\count294
\andhelp@=\toks19
\eqnshift@=\dimen152
\alignsep@=\dimen153
\tagshift@=\dimen154
\tagwidth@=\dimen155
\totwidth@=\dimen156
\lineht@=\dimen157
\@envbody=\toks20
\multlinegap=\skip52
\multlinetaggap=\skip53
\mathdisplay@stack=\toks21
LaTeX Info: Redefining \[ on input line 2949.
LaTeX Info: Redefining \] on input line 2950.
)
(c:/Users/fra/data/root/programs/TeX/texlive/2025/texmf-dist/tex/latex/amsfonts
/amssymb.sty
Package: amssymb 2013/01/14 v3.01 AMS font symbols

(c:/Users/fra/data/root/programs/TeX/texlive/2025/texmf-dist/tex/latex/amsfonts
/amsfonts.sty
Package: amsfonts 2013/01/14 v3.01 Basic AMSFonts support
\symAMSa=\mathgroup4
\symAMSb=\mathgroup5
LaTeX Font Info:    Redeclaring math symbol \hbar on input line 98.
LaTeX Font Info:    Overwriting math alphabet `\mathfrak' in version `bold'
(Font)                  U/euf/m/n --> U/euf/b/n on input line 106.
))
(c:/Users/fra/data/root/programs/TeX/texlive/2025/texmf-dist/tex/latex/l3backen
d/l3backend-pdftex.def
File: l3backend-pdftex.def 2025-06-09 L3 backend support: PDF output (pdfTeX)
\l__color_backend_stack_int=\count295
) (./sphericalCoordinates_.aux)
\openout1 = `sphericalCoordinates_.aux'.

LaTeX Font Info:    Checking defaults for OML/cmm/m/it on input line 4.
LaTeX Font Info:    ... okay on input line 4.
LaTeX Font Info:    Checking defaults for OMS/cmsy/m/n on input line 4.
LaTeX Font Info:    ... okay on input line 4.
LaTeX Font Info:    Checking defaults for OT1/cmr/m/n on input line 4.
LaTeX Font Info:    ... okay on input line 4.
LaTeX Font Info:    Checking defaults for T1/cmr/m/n on input line 4.
LaTeX Font Info:    ... okay on input line 4.
LaTeX Font Info:    Checking defaults for TS1/cmr/m/n on input line 4.
LaTeX Font Info:    ... okay on input line 4.
LaTeX Font Info:    Checking defaults for OMX/cmex/m/n on input line 4.
LaTeX Font Info:    ... okay on input line 4.
LaTeX Font Info:    Checking defaults for U/cmr/m/n on input line 4.
LaTeX Font Info:    ... okay on input line 4.
LaTeX Font Info:    Trying to load font information for U+msa on input line 10.


(c:/Users/fra/data/root/programs/TeX/texlive/2025/texmf-dist/tex/latex/amsfonts
/umsa.fd
File: umsa.fd 2013/01/14 v3.01 AMS symbols A
)
LaTeX Font Info:    Trying to load font information for U+msb on input line 10.


(c:/Users/fra/data/root/programs/TeX/texlive/2025/texmf-dist/tex/latex/amsfonts
/umsb.fd
File: umsb.fd 2013/01/14 v3.01 AMS symbols B
)

[1

{c:/Users/fra/data/root/programs/TeX/texlive/2025/texmf-var/fonts/map/pdftex/up
dmap/pdftex.map}] (./sphericalCoordinates_.aux)
 ***********
LaTeX2e <2025-06-01> patch level 1
L3 programming layer <2025-07-20>
 ***********
 ) 
Here is how much of TeX's memory you used:
 1670 strings out of 468995
 24081 string characters out of 5458156
 431301 words of memory out of 5000000
 30157 multiletter control sequences out of 15000+600000
 629129 words of font info for 50 fonts, out of 8000000 for 9000
 525 hyphenation exceptions out of 8191
 56i,9n,65p,217b,133s stack positions out of 10000i,1000n,20000p,200000b,200000s
<c:/Users/fra/data/root/programs/TeX/texlive/2025/texmf-dist/fonts/type1/publ
ic/amsfonts/cm/cmbx12.pfb><c:/Users/fra/data/root/programs/TeX/texlive/2025/tex
mf-dist/fonts/type1/public/amsfonts/cm/cmex10.pfb><c:/Users/fra/data/root/progr
ams/TeX/texlive/2025/texmf-dist/fonts/type1/public/amsfonts/cm/cmmi10.pfb><c:/U
sers/fra/data/root/programs/TeX/texlive/2025/texmf-dist/fonts/type1/public/amsf
onts/cm/cmr10.pfb><c:/Users/fra/data/root/programs/TeX/texlive/2025/texmf-dist/
fonts/type1/public/amsfonts/cm/cmr7.pfb>
Output written on sphericalCoordinates_.pdf (1 page, 51545 bytes).
PDF statistics:
 33 PDF objects out of 1000 (max. 8388607)
 19 compressed objects within 1 object stream
 0 named destinations out of 1000 (max. 500000)
 1 words of extra memory for PDF output out of 10000 (max. 10000000)

