Build started 12/13/2023 10:06:27 AM.
     1>Project "D:\root\src\GitHubSandBox\Documentazione\pointerAlgebra_Sln\pointerAlgebra\pointerAlgebra.vcxproj" on node 2 (rebuild target(s)).
     1>PrepareForBuild:
         Creating directory "D:\root\src\GitHubSandBox\Documentazione\pointerAlgebra_Sln\Debug\".
       InitializeBuildStatus:
         Creating "Debug\pointerAlgebra.unsuccessfulbuild" because "AlwaysCreate" was specified.
       ClCompile:
         C:\Program Files (x86)\Microsoft Visual Studio 10.0\VC\bin\CL.exe /c /ZI /nologo /W3 /WX- /Od /Oy- /D WIN32 /D _DEBUG /D _CONSOLE /D _UNICODE /D UNICODE /Gm /EHsc /RTC1 /MDd /GS /fp:precise /Zc:wchar_t /Zc:forScope /Fo"Debug\\" /Fd"Debug\vc100.pdb" /Gd /TP /analyze- /errorReport:prompt main.cpp
         main.cpp
       ManifestResourceCompile:
         C:\Program Files (x86)\Microsoft SDKs\Windows\v7.0A\bin\rc.exe /nologo /fo"Debug\pointerAlgebra.exe.embed.manifest.res" Debug\pointerAlgebra_manifest.rc 
       Link:
         C:\Program Files (x86)\Microsoft Visual Studio 10.0\VC\bin\link.exe /ERRORREPORT:PROMPT /OUT:"D:\root\src\GitHubSandBox\Documentazione\pointerAlgebra_Sln\Debug\pointerAlgebra.exe" /INCREMENTAL /NOLOGO kernel32.lib user32.lib gdi32.lib winspool.lib comdlg32.lib advapi32.lib shell32.lib ole32.lib oleaut32.lib uuid.lib odbc32.lib odbccp32.lib /MANIFEST /ManifestFile:"Debug\pointerAlgebra.exe.intermediate.manifest" /MANIFESTUAC:"level='asInvoker' uiAccess='false'" /DEBUG /PDB:"D:\root\src\GitHubSandBox\Documentazione\pointerAlgebra_Sln\Debug\pointerAlgebra.pdb" /SUBSYSTEM:CONSOLE /TLBID:1 /DYNAMICBASE /NXCOMPAT /IMPLIB:"D:\root\src\GitHubSandBox\Documentazione\pointerAlgebra_Sln\Debug\pointerAlgebra.lib" /MACHINE:X86 Debug\pointerAlgebra.exe.embed.manifest.res
         Debug\main.obj
       Manifest:
         Deleting file "Debug\pointerAlgebra.exe.embed.manifest".
         C:\Program Files (x86)\Microsoft SDKs\Windows\v7.0A\bin\mt.exe /nologo /verbose /out:"Debug\pointerAlgebra.exe.embed.manifest" /manifest Debug\pointerAlgebra.exe.intermediate.manifest
         C:\Program Files (x86)\Microsoft SDKs\Windows\v7.0A\bin\rc.exe /nologo /fo"Debug\pointerAlgebra.exe.embed.manifest.res" Debug\pointerAlgebra_manifest.rc 
       LinkEmbedManifest:
         C:\Program Files (x86)\Microsoft Visual Studio 10.0\VC\bin\link.exe /ERRORREPORT:PROMPT /OUT:"D:\root\src\GitHubSandBox\Documentazione\pointerAlgebra_Sln\Debug\pointerAlgebra.exe" /INCREMENTAL /NOLOGO kernel32.lib user32.lib gdi32.lib winspool.lib comdlg32.lib advapi32.lib shell32.lib ole32.lib oleaut32.lib uuid.lib odbc32.lib odbccp32.lib /MANIFEST /ManifestFile:"Debug\pointerAlgebra.exe.intermediate.manifest" /MANIFESTUAC:"level='asInvoker' uiAccess='false'" /DEBUG /PDB:"D:\root\src\GitHubSandBox\Documentazione\pointerAlgebra_Sln\Debug\pointerAlgebra.pdb" /SUBSYSTEM:CONSOLE /TLBID:1 /DYNAMICBASE /NXCOMPAT /IMPLIB:"D:\root\src\GitHubSandBox\Documentazione\pointerAlgebra_Sln\Debug\pointerAlgebra.lib" /MACHINE:X86 Debug\pointerAlgebra.exe.embed.manifest.res
         Debug\main.obj
         pointerAlgebra.vcxproj -> D:\root\src\GitHubSandBox\Documentazione\pointerAlgebra_Sln\Debug\pointerAlgebra.exe
       FinalizeBuildStatus:
         Deleting file "Debug\pointerAlgebra.unsuccessfulbuild".
         Touching "Debug\pointerAlgebra.lastbuildstate".
     1>Done Building Project "D:\root\src\GitHubSandBox\Documentazione\pointerAlgebra_Sln\pointerAlgebra\pointerAlgebra.vcxproj" (rebuild target(s)).

Build succeeded.

Time Elapsed 00:00:02.03
